[2020-10-15 19:15:55] production.ERROR: Erroneous data format for unserializing 'Symfony\Component\Routing\CompiledRoute' {"exception":"[object] (ErrorException(code: 0): Erroneous data format for unserializing 'Symfony\\Component\\Routing\\CompiledRoute' at /home2/copemzw4/copemh/bootstrap/cache/routes.php:15)
[stacktrace]
#0 [internal function]: Illuminate\\Foundation\\Bootstrap\\HandleExceptions->handleError(2, 'Erroneous data ...', '/home2/copemzw4...', 15, Array)
#1 /home2/copemzw4/copemh/bootstrap/cache/routes.php(15): unserialize('O:34:\"Illuminat...')
#2 /home2/copemzw4/copemh/vendor/laravel/framework/src/Illuminate/Foundation/Support/Providers/RouteServiceProvider.php(75): require('/home2/copemzw4...')
#3 /home2/copemzw4/copemh/vendor/laravel/framework/src/Illuminate/Foundation/Application.php(895): Illuminate\\Foundation\\Support\\Providers\\RouteServiceProvider->Illuminate\\Foundation\\Support\\Providers\\{closure}(Object(Illuminate\\Foundation\\Application))
#4 /home2/copemzw4/copemh/vendor/laravel/framework/src/Illuminate/Foundation/Application.php(844): Illuminate\\Foundation\\Application->fireAppCallbacks(Array)
#5 /home2/copemzw4/copemh/vendor/laravel/framework/src/Illuminate/Foundation/Bootstrap/BootProviders.php(17): Illuminate\\Foundation\\Application->boot()
#6 /home2/copemzw4/copemh/vendor/laravel/framework/src/Illuminate/Foundation/Application.php(219): Illuminate\\Foundation\\Bootstrap\\BootProviders->bootstrap(Object(Illuminate\\Foundation\\Application))
#7 /home2/copemzw4/copemh/vendor/laravel/framework/src/Illuminate/Foundation/Console/Kernel.php(320): Illuminate\\Foundation\\Application->bootstrapWith(Array)
#8 /home2/copemzw4/copemh/vendor/laravel/framework/src/Illuminate/Foundation/Console/Kernel.php(129): Illuminate\\Foundation\\Console\\Kernel->bootstrap()
#9 /home2/copemzw4/copemh/artisan(37): Illuminate\\Foundation\\Console\\Kernel->handle(Object(Symfony\\Component\\Console\\Input\\ArgvInput), Object(Symfony\\Component\\Console\\Output\\ConsoleOutput))
#10 {main}
"} 
[2020-10-15 19:16:38] production.ERROR: Erroneous data format for unserializing 'Symfony\Component\Routing\CompiledRoute' {"exception":"[object] (ErrorException(code: 0): Erroneous data format for unserializing 'Symfony\\Component\\Routing\\CompiledRoute' at /home2/copemzw4/copemh/bootstrap/cache/routes.php:15)
[stacktrace]
#0 [internal function]: Illuminate\\Foundation\\Bootstrap\\HandleExceptions->handleError(2, 'Erroneous data ...', '/home2/copemzw4...', 15, Array)
#1 /home2/copemzw4/copemh/bootstrap/cache/routes.php(15): unserialize('O:34:\"Illuminat...')
#2 /home2/copemzw4/copemh/vendor/laravel/framework/src/Illuminate/Foundation/Support/Providers/RouteServiceProvider.php(75): require('/home2/copemzw4...')
#3 /home2/copemzw4/copemh/vendor/laravel/framework/src/Illuminate/Foundation/Application.php(895): Illuminate\\Foundation\\Support\\Providers\\RouteServiceProvider->Illuminate\\Foundation\\Support\\Providers\\{closure}(Object(Illuminate\\Foundation\\Application))
#4 /home2/copemzw4/copemh/vendor/laravel/framework/src/Illuminate/Foundation/Application.php(844): Illuminate\\Foundation\\Application->fireAppCallbacks(Array)
#5 /home2/copemzw4/copemh/vendor/laravel/framework/src/Illuminate/Foundation/Bootstrap/BootProviders.php(17): Illuminate\\Foundation\\Application->boot()
#6 /home2/copemzw4/copemh/vendor/laravel/framework/src/Illuminate/Foundation/Application.php(219): Illuminate\\Foundation\\Bootstrap\\BootProviders->bootstrap(Object(Illuminate\\Foundation\\Application))
#7 /home2/copemzw4/copemh/vendor/laravel/framework/src/Illuminate/Foundation/Console/Kernel.php(320): Illuminate\\Foundation\\Application->bootstrapWith(Array)
#8 /home2/copemzw4/copemh/vendor/laravel/framework/src/Illuminate/Foundation/Console/Kernel.php(129): Illuminate\\Foundation\\Console\\Kernel->bootstrap()
#9 /home2/copemzw4/copemh/artisan(37): Illuminate\\Foundation\\Console\\Kernel->handle(Object(Symfony\\Component\\Console\\Input\\ArgvInput), Object(Symfony\\Component\\Console\\Output\\ConsoleOutput))
#10 {main}
"} 
[2020-10-15 19:16:51] production.ERROR: Erroneous data format for unserializing 'Symfony\Component\Routing\CompiledRoute' {"exception":"[object] (ErrorException(code: 0): Erroneous data format for unserializing 'Symfony\\Component\\Routing\\CompiledRoute' at /home2/copemzw4/copemh/bootstrap/cache/routes.php:15)
[stacktrace]
#0 [internal function]: Illuminate\\Foundation\\Bootstrap\\HandleExceptions->handleError(2, 'Erroneous data ...', '/home2/copemzw4...', 15, Array)
#1 /home2/copemzw4/copemh/bootstrap/cache/routes.php(15): unserialize('O:34:\"Illuminat...')
#2 /home2/copemzw4/copemh/vendor/laravel/framework/src/Illuminate/Foundation/Support/Providers/RouteServiceProvider.php(75): require('/home2/copemzw4...')
#3 /home2/copemzw4/copemh/vendor/laravel/framework/src/Illuminate/Foundation/Application.php(895): Illuminate\\Foundation\\Support\\Providers\\RouteServiceProvider->Illuminate\\Foundation\\Support\\Providers\\{closure}(Object(Illuminate\\Foundation\\Application))
#4 /home2/copemzw4/copemh/vendor/laravel/framework/src/Illuminate/Foundation/Application.php(844): Illuminate\\Foundation\\Application->fireAppCallbacks(Array)
#5 /home2/copemzw4/copemh/vendor/laravel/framework/src/Illuminate/Foundation/Bootstrap/BootProviders.php(17): Illuminate\\Foundation\\Application->boot()
#6 /home2/copemzw4/copemh/vendor/laravel/framework/src/Illuminate/Foundation/Application.php(219): Illuminate\\Foundation\\Bootstrap\\BootProviders->bootstrap(Object(Illuminate\\Foundation\\Application))
#7 /home2/copemzw4/copemh/vendor/laravel/framework/src/Illuminate/Foundation/Console/Kernel.php(320): Illuminate\\Foundation\\Application->bootstrapWith(Array)
#8 /home2/copemzw4/copemh/vendor/laravel/framework/src/Illuminate/Foundation/Console/Kernel.php(129): Illuminate\\Foundation\\Console\\Kernel->bootstrap()
#9 /home2/copemzw4/copemh/artisan(37): Illuminate\\Foundation\\Console\\Kernel->handle(Object(Symfony\\Component\\Console\\Input\\ArgvInput), Object(Symfony\\Component\\Console\\Output\\ConsoleOutput))
#10 {main}
"} 
[2020-10-15 19:17:00] production.ERROR: Erroneous data format for unserializing 'Symfony\Component\Routing\CompiledRoute' {"exception":"[object] (ErrorException(code: 0): Erroneous data format for unserializing 'Symfony\\Component\\Routing\\CompiledRoute' at /home2/copemzw4/copemh/bootstrap/cache/routes.php:15)
[stacktrace]
#0 [internal function]: Illuminate\\Foundation\\Bootstrap\\HandleExceptions->handleError(2, 'Erroneous data ...', '/home2/copemzw4...', 15, Array)
#1 /home2/copemzw4/copemh/bootstrap/cache/routes.php(15): unserialize('O:34:\"Illuminat...')
#2 /home2/copemzw4/copemh/vendor/laravel/framework/src/Illuminate/Foundation/Support/Providers/RouteServiceProvider.php(75): require('/home2/copemzw4...')
#3 /home2/copemzw4/copemh/vendor/laravel/framework/src/Illuminate/Foundation/Application.php(895): Illuminate\\Foundation\\Support\\Providers\\RouteServiceProvider->Illuminate\\Foundation\\Support\\Providers\\{closure}(Object(Illuminate\\Foundation\\Application))
#4 /home2/copemzw4/copemh/vendor/laravel/framework/src/Illuminate/Foundation/Application.php(844): Illuminate\\Foundation\\Application->fireAppCallbacks(Array)
#5 /home2/copemzw4/copemh/vendor/laravel/framework/src/Illuminate/Foundation/Bootstrap/BootProviders.php(17): Illuminate\\Foundation\\Application->boot()
#6 /home2/copemzw4/copemh/vendor/laravel/framework/src/Illuminate/Foundation/Application.php(219): Illuminate\\Foundation\\Bootstrap\\BootProviders->bootstrap(Object(Illuminate\\Foundation\\Application))
#7 /home2/copemzw4/copemh/vendor/laravel/framework/src/Illuminate/Foundation/Console/Kernel.php(320): Illuminate\\Foundation\\Application->bootstrapWith(Array)
#8 /home2/copemzw4/copemh/vendor/laravel/framework/src/Illuminate/Foundation/Console/Kernel.php(129): Illuminate\\Foundation\\Console\\Kernel->bootstrap()
#9 /home2/copemzw4/copemh/artisan(37): Illuminate\\Foundation\\Console\\Kernel->handle(Object(Symfony\\Component\\Console\\Input\\ArgvInput), Object(Symfony\\Component\\Console\\Output\\ConsoleOutput))
#10 {main}
"} 
